<?xml version="1.0" encoding="UTF-8"?>
<testng-results ignored="0" total="1" passed="1" failed="0" skipped="0">
  <reporter-output>
  </reporter-output>
  <suite started-at="2022-06-15T16:58:41 IST" name="Default suite" finished-at="2022-06-15T16:58:51 IST" duration-ms="9477">
    <groups>
    </groups>
    <test started-at="2022-06-15T16:58:41 IST" name="Default test" finished-at="2022-06-15T16:58:51 IST" duration-ms="9477">
      <class name="com.TestCases.DropDownEXP">
        <test-method is-config="true" signature="LBrowser()[pri:0, instance:com.TestCases.DropDownEXP@36bc55de]" started-at="2022-06-15T16:58:41 IST" name="LBrowser" finished-at="2022-06-15T16:58:46 IST" duration-ms="4759" status="PASS">
          <reporter-output>
          </reporter-output>
        </test-method> <!-- LBrowser -->
        <test-method signature="getDropDown()[pri:0, instance:com.TestCases.DropDownEXP@36bc55de]" started-at="2022-06-15T16:58:46 IST" name="getDropDown" finished-at="2022-06-15T16:58:51 IST" duration-ms="4600" status="PASS">
          <reporter-output>
          </reporter-output>
        </test-method> <!-- getDropDown -->
        <test-method is-config="true" signature="after()[pri:0, instance:com.TestCases.DropDownEXP@36bc55de]" started-at="2022-06-15T16:58:51 IST" name="after" finished-at="2022-06-15T16:58:51 IST" duration-ms="82" status="PASS">
          <reporter-output>
          </reporter-output>
        </test-method> <!-- after -->
      </class> <!-- com.TestCases.DropDownEXP -->
    </test> <!-- Default test -->
  </suite> <!-- Default suite -->
</testng-results>
